<?xml version="1.0" encoding="UTF-8"?>
<!-- Generated by org.testng.reporters.JUnitReportReporter -->
<testsuite hostname="Sundar_V" failures="0" tests="1" name="task24.Signuptestclass" time="1.640" errors="0" timestamp="2024-12-25T02:28:48 IST" skipped="0">
  <testcase classname="task24.Signuptestclass" name="Signup" time="1.640"/>
</testsuite> <!-- task24.Signuptestclass -->
