<?xml version="1.0" encoding="UTF-8"?>
<!-- Generated by org.testng.reporters.JUnitReportReporter -->
<testsuite hostname="Sundar_V" failures="0" tests="1" name="task24.TC1Signuptestclass" time="1.546" errors="0" timestamp="2024-12-28T03:58:19 IST" skipped="0">
  <testcase classname="task24.TC1Signuptestclass" name="Signup" time="1.546"/>
</testsuite> <!-- task24.TC1Signuptestclass -->
