<?xml version="1.0" encoding="UTF-8"?>
<!-- Generated by org.testng.reporters.JUnitReportReporter -->
<testsuite hostname="Sundar_V" failures="0" tests="1" name="task24.Testclass" time="1.510" errors="0" timestamp="2024-12-25T02:24:10 IST" skipped="0">
  <testcase classname="task24.Testclass" name="Signup" time="1.510"/>
</testsuite> <!-- task24.Testclass -->
