<?xml version="1.0" encoding="UTF-8"?>
<!-- Generated by org.testng.reporters.JUnitReportReporter -->
<testsuite hostname="Sundar_V" failures="0" tests="1" name="task24.LoginTestpage" time="0.455" errors="0" timestamp="2024-12-25T02:28:48 IST" skipped="0">
  <testcase classname="task24.LoginTestpage" name="Login" time="0.455"/>
</testsuite> <!-- task24.LoginTestpage -->
