<?xml version="1.0" encoding="UTF-8"?>
<!-- Generated by org.testng.reporters.JUnitReportReporter -->
<testsuite hostname="Sundar_V" failures="0" tests="1" name="task24.TC1Signuptestclass" time="1.605" errors="0" timestamp="2024-12-28T02:57:29 IST" skipped="0">
  <testcase classname="task24.TC1Signuptestclass" name="Signup" time="1.605"/>
</testsuite> <!-- task24.TC1Signuptestclass -->
